2017-11-05 18:47:15,372 [Worker-1] INFO  c.g.t.t.d.PublishedGradleVersions - Gradle version information cache is up-to-date. Trying to read.
2017-11-05 18:48:19,114 [Worker-10] INFO  o.e.m.c.i.p.ProjectConfigurationManager - Collecting project info '/pom.xml' D:\Jay\All workspaces\ECommerceHoney\ECommerceHoneyBackend\pom.xml
2017-11-05 18:48:23,067 [Worker-10] INFO  o.e.m.c.i.l.LifecycleMappingFactory - Using org.eclipse.m2e.jdt.JarLifecycleMapping lifecycle mapping for MavenProject: com.niit:ECommerceHoneyBackend:0.0.1-SNAPSHOT @ D:\Jay\All workspaces\ECommerceHoney\ECommerceHoneyBackend\pom.xml.
2017-11-05 18:48:25,396 [Worker-10] INFO  o.e.m.j.i.AbstractJavaProjectConfigurator - Adding source folder /ECommerceHoneyBackend/src/main/java
2017-11-05 18:48:25,446 [Worker-10] INFO  o.e.m.j.i.AbstractJavaProjectConfigurator - Adding source folder /ECommerceHoneyBackend/src/test/java
2017-11-05 18:48:28,340 [Worker-10] INFO  o.e.m.c.i.p.ProjectConfigurationManager - Imported and configured 1 project(s) in 9 sec
2017-11-05 18:48:29,754 [Worker-2] INFO  o.e.m.c.i.embedder.EclipseLogger - Using 'UTF-8' encoding to copy filtered resources.
2017-11-05 18:48:29,754 [Worker-2] INFO  o.e.m.c.i.embedder.EclipseLogger - skip non existing resourceDirectory D:\Jay\All workspaces\ECommerceHoney\ECommerceHoneyBackend\src\main\resources
2017-11-05 18:48:29,760 [Worker-2] INFO  o.e.m.c.i.embedder.EclipseLogger - Using 'UTF-8' encoding to copy filtered resources.
2017-11-05 18:48:29,760 [Worker-2] INFO  o.e.m.c.i.embedder.EclipseLogger - skip non existing resourceDirectory D:\Jay\All workspaces\ECommerceHoney\ECommerceHoneyBackend\src\test\resources
2017-11-05 18:54:52,226 [Worker-20] INFO  o.e.m.c.i.p.ProjectConfigurationManager - Collecting project info '/pom.xml' D:\Jay\All workspaces\ECommerceHoney\E_CommerceHoneyBackend\pom.xml
2017-11-05 18:54:54,318 [Worker-20] INFO  o.e.m.c.i.l.LifecycleMappingFactory - Using org.eclipse.m2e.jdt.JarLifecycleMapping lifecycle mapping for MavenProject: com.niit:E_CommerceHoneyBackend:0.0.1-SNAPSHOT @ D:\Jay\All workspaces\ECommerceHoney\E_CommerceHoneyBackend\pom.xml.
2017-11-05 18:54:56,130 [Worker-20] INFO  o.e.m.j.i.AbstractJavaProjectConfigurator - Adding source folder /E_CommerceHoneyBackend/src/main/java
2017-11-05 18:54:56,151 [Worker-20] INFO  o.e.m.j.i.AbstractJavaProjectConfigurator - Adding source folder /E_CommerceHoneyBackend/src/test/java
2017-11-05 18:54:56,447 [Worker-20] INFO  o.e.m.c.i.p.ProjectConfigurationManager - Imported and configured 1 project(s) in 4 sec
2017-11-05 18:54:57,102 [Worker-19] INFO  o.e.m.c.i.embedder.EclipseLogger - Using 'UTF-8' encoding to copy filtered resources.
2017-11-05 18:54:57,103 [Worker-19] INFO  o.e.m.c.i.embedder.EclipseLogger - skip non existing resourceDirectory D:\Jay\All workspaces\ECommerceHoney\E_CommerceHoneyBackend\src\main\resources
2017-11-05 18:54:57,108 [Worker-19] INFO  o.e.m.c.i.embedder.EclipseLogger - Using 'UTF-8' encoding to copy filtered resources.
2017-11-05 18:54:57,110 [Worker-19] INFO  o.e.m.c.i.embedder.EclipseLogger - skip non existing resourceDirectory D:\Jay\All workspaces\ECommerceHoney\E_CommerceHoneyBackend\src\test\resources
2017-11-05 18:55:28,858 [ModalContext] INFO  o.e.m.c.i.e.AbstractTransferListenerAdapter - Downloading https://repo.maven.apache.org/maven2/org/apache/maven/archetypes/maven-archetype-webapp/1.0/maven-archetype-webapp-1.0.jar
2017-11-05 18:55:29,186 [ModalContext] INFO  o.e.m.c.i.e.AbstractTransferListenerAdapter - Downloaded https://repo.maven.apache.org/maven2/org/apache/maven/archetypes/maven-archetype-webapp/1.0/maven-archetype-webapp-1.0.jar
2017-11-05 18:55:29,469 [ModalContext] INFO  o.e.m.c.i.e.AbstractTransferListenerAdapter - Downloading https://repo.maven.apache.org/maven2/org/apache/maven/archetypes/maven-archetype-webapp/1.0/maven-archetype-webapp-1.0.pom
2017-11-05 18:55:29,777 [ModalContext] INFO  o.e.m.c.i.e.AbstractTransferListenerAdapter - Downloaded https://repo.maven.apache.org/maven2/org/apache/maven/archetypes/maven-archetype-webapp/1.0/maven-archetype-webapp-1.0.pom
2017-11-05 18:55:47,907 [Worker-20] INFO  o.e.m.c.i.p.ProjectConfigurationManager - Collecting project info '/pom.xml' D:\Jay\All workspaces\ECommerceHoney\E_CommerceHoneyFrontend\pom.xml
2017-11-05 18:55:48,474 [Worker-20] INFO  o.e.m.c.i.l.LifecycleMappingFactory - Using org.maven.ide.eclipse.wtp.WarLifecycleMapping lifecycle mapping for MavenProject: com.niit:E_CommerceHoneyFrontend:0.0.1-SNAPSHOT @ D:\Jay\All workspaces\ECommerceHoney\E_CommerceHoneyFrontend\pom.xml.
2017-11-05 18:55:50,706 [Worker-20] INFO  o.e.m.j.i.AbstractJavaProjectConfigurator - Adding source folder /E_CommerceHoneyFrontend/src/main/java
2017-11-05 18:55:50,707 [Worker-20] INFO  o.e.m.j.i.AbstractJavaProjectConfigurator - Adding resource folder /E_CommerceHoneyFrontend/src/main/resources
2017-11-05 18:55:50,708 [Worker-20] INFO  o.e.m.j.i.AbstractJavaProjectConfigurator - Adding source folder /E_CommerceHoneyFrontend/src/test/java
2017-11-05 18:55:56,173 [Worker-20] INFO  o.e.m.c.i.p.ProjectConfigurationManager - Imported and configured 1 project(s) in 8 sec
2017-11-05 18:55:57,177 [Worker-23] WARN  o.e.m.c.i.embedder.EclipseLogger - Using platform encoding (Cp1252 actually) to copy filtered resources, i.e. build is platform dependent!
2017-11-05 18:55:57,214 [Worker-23] INFO  o.e.m.c.i.embedder.EclipseLogger - Copying 0 resource
2017-11-05 18:55:57,219 [Worker-23] WARN  o.e.m.c.i.embedder.EclipseLogger - Using platform encoding (Cp1252 actually) to copy filtered resources, i.e. build is platform dependent!
2017-11-05 18:55:57,223 [Worker-23] INFO  o.e.m.c.i.embedder.EclipseLogger - skip non existing resourceDirectory D:\Jay\All workspaces\ECommerceHoney\E_CommerceHoneyFrontend\src\test\resources
